{"C:\\Users\\adith\\OneDrive\\Desktop\\take-home\\Take-Home-Assignment-The-Untested-API\\task-api\\src\\app.js": {"path":"C:\\Users\\adith\\OneDrive\\Desktop\\take-home\\Take-Home-Assignment-The-Untested-API\\task-api\\src\\app.js","statementMap":{"0":{"start":{"line":1,"column":16},"end":{"line":1,"column":34}},"1":{"start":{"line":2,"column":19},"end":{"line":2,"column":44}},"2":{"start":{"line":4,"column":12},"end":{"line":4,"column":21}},"3":{"start":{"line":6,"column":0},"end":{"line":6,"column":24}},"4":{"start":{"line":7,"column":0},"end":{"line":7,"column":30}},"5":{"start":{"line":9,"column":0},"end":{"line":12,"column":3}},"6":{"start":{"line":10,"column":2},"end":{"line":10,"column":27}},"7":{"start":{"line":11,"column":2},"end":{"line":11,"column":59}},"8":{"start":{"line":14,"column":13},"end":{"line":14,"column":37}},"9":{"start":{"line":16,"column":0},"end":{"line":20,"column":1}},"10":{"start":{"line":17,"column":2},"end":{"line":19,"column":5}},"11":{"start":{"line":18,"column":4},"end":{"line":18,"column":52}},"12":{"start":{"line":22,"column":0},"end":{"line":22,"column":21}}},"fnMap":{"0":{"name":"(anonymous_0)","decl":{"start":{"line":9,"column":8},"end":{"line":9,"column":9}},"loc":{"start":{"line":9,"column":33},"end":{"line":12,"column":1}},"line":9},"1":{"name":"(anonymous_1)","decl":{"start":{"line":17,"column":19},"end":{"line":17,"column":20}},"loc":{"start":{"line":17,"column":25},"end":{"line":19,"column":3}},"line":17}},"branchMap":{"0":{"loc":{"start":{"line":14,"column":13},"end":{"line":14,"column":37}},"type":"binary-expr","locations":[{"start":{"line":14,"column":13},"end":{"line":14,"column":29}},{"start":{"line":14,"column":33},"end":{"line":14,"column":37}}],"line":14},"1":{"loc":{"start":{"line":16,"column":0},"end":{"line":20,"column":1}},"type":"if","locations":[{"start":{"line":16,"column":0},"end":{"line":20,"column":1}},{"start":{},"end":{}}],"line":16}},"s":{"0":1,"1":1,"2":1,"3":1,"4":1,"5":1,"6":0,"7":0,"8":1,"9":1,"10":0,"11":0,"12":1},"f":{"0":0,"1":0},"b":{"0":[1,1],"1":[0,1]},"_coverageSchema":"1a1c01bbd47fc00a2c39e90264f33305004495a9","hash":"55d3df95e9b711628266e18b1207c5d46204bfbe"}
,"C:\\Users\\adith\\OneDrive\\Desktop\\take-home\\Take-Home-Assignment-The-Untested-API\\task-api\\src\\routes\\tasks.js": {"path":"C:\\Users\\adith\\OneDrive\\Desktop\\take-home\\Take-Home-Assignment-The-Untested-API\\task-api\\src\\routes\\tasks.js","statementMap":{"0":{"start":{"line":1,"column":16},"end":{"line":1,"column":34}},"1":{"start":{"line":2,"column":15},"end":{"line":2,"column":31}},"2":{"start":{"line":3,"column":20},"end":{"line":3,"column":54}},"3":{"start":{"line":4,"column":69},"end":{"line":4,"column":99}},"4":{"start":{"line":6,"column":0},"end":{"line":9,"column":3}},"5":{"start":{"line":7,"column":16},"end":{"line":7,"column":38}},"6":{"start":{"line":8,"column":2},"end":{"line":8,"column":18}},"7":{"start":{"line":11,"column":0},"end":{"line":28,"column":3}},"8":{"start":{"line":12,"column":34},"end":{"line":12,"column":43}},"9":{"start":{"line":14,"column":2},"end":{"line":17,"column":3}},"10":{"start":{"line":15,"column":18},"end":{"line":15,"column":49}},"11":{"start":{"line":16,"column":4},"end":{"line":16,"column":27}},"12":{"start":{"line":19,"column":2},"end":{"line":24,"column":3}},"13":{"start":{"line":20,"column":20},"end":{"line":20,"column":39}},"14":{"start":{"line":21,"column":21},"end":{"line":21,"column":42}},"15":{"start":{"line":22,"column":18},"end":{"line":22,"column":61}},"16":{"start":{"line":23,"column":4},"end":{"line":23,"column":27}},"17":{"start":{"line":26,"column":16},"end":{"line":26,"column":36}},"18":{"start":{"line":27,"column":2},"end":{"line":27,"column":18}},"19":{"start":{"line":30,"column":0},"end":{"line":38,"column":3}},"20":{"start":{"line":31,"column":16},"end":{"line":31,"column":44}},"21":{"start":{"line":32,"column":2},"end":{"line":34,"column":3}},"22":{"start":{"line":33,"column":4},"end":{"line":33,"column":43}},"23":{"start":{"line":36,"column":15},"end":{"line":36,"column":43}},"24":{"start":{"line":37,"column":2},"end":{"line":37,"column":29}},"25":{"start":{"line":40,"column":0},"end":{"line":52,"column":3}},"26":{"start":{"line":41,"column":16},"end":{"line":41,"column":44}},"27":{"start":{"line":42,"column":2},"end":{"line":44,"column":3}},"28":{"start":{"line":43,"column":4},"end":{"line":43,"column":43}},"29":{"start":{"line":46,"column":15},"end":{"line":46,"column":58}},"30":{"start":{"line":47,"column":2},"end":{"line":49,"column":3}},"31":{"start":{"line":48,"column":4},"end":{"line":48,"column":61}},"32":{"start":{"line":51,"column":2},"end":{"line":51,"column":17}},"33":{"start":{"line":54,"column":0},"end":{"line":61,"column":3}},"34":{"start":{"line":55,"column":18},"end":{"line":55,"column":51}},"35":{"start":{"line":56,"column":2},"end":{"line":58,"column":3}},"36":{"start":{"line":57,"column":4},"end":{"line":57,"column":61}},"37":{"start":{"line":60,"column":2},"end":{"line":60,"column":25}},"38":{"start":{"line":63,"column":0},"end":{"line":70,"column":3}},"39":{"start":{"line":64,"column":15},"end":{"line":64,"column":54}},"40":{"start":{"line":65,"column":2},"end":{"line":67,"column":3}},"41":{"start":{"line":66,"column":4},"end":{"line":66,"column":61}},"42":{"start":{"line":69,"column":2},"end":{"line":69,"column":17}},"43":{"start":{"line":72,"column":0},"end":{"line":84,"column":3}},"44":{"start":{"line":73,"column":16},"end":{"line":73,"column":42}},"45":{"start":{"line":74,"column":2},"end":{"line":76,"column":3}},"46":{"start":{"line":75,"column":4},"end":{"line":75,"column":43}},"47":{"start":{"line":78,"column":15},"end":{"line":78,"column":67}},"48":{"start":{"line":79,"column":2},"end":{"line":81,"column":3}},"49":{"start":{"line":80,"column":4},"end":{"line":80,"column":61}},"50":{"start":{"line":83,"column":2},"end":{"line":83,"column":17}},"51":{"start":{"line":86,"column":0},"end":{"line":86,"column":24}}},"fnMap":{"0":{"name":"(anonymous_0)","decl":{"start":{"line":6,"column":21},"end":{"line":6,"column":22}},"loc":{"start":{"line":6,"column":35},"end":{"line":9,"column":1}},"line":6},"1":{"name":"(anonymous_1)","decl":{"start":{"line":11,"column":16},"end":{"line":11,"column":17}},"loc":{"start":{"line":11,"column":30},"end":{"line":28,"column":1}},"line":11},"2":{"name":"(anonymous_2)","decl":{"start":{"line":30,"column":17},"end":{"line":30,"column":18}},"loc":{"start":{"line":30,"column":31},"end":{"line":38,"column":1}},"line":30},"3":{"name":"(anonymous_3)","decl":{"start":{"line":40,"column":19},"end":{"line":40,"column":20}},"loc":{"start":{"line":40,"column":33},"end":{"line":52,"column":1}},"line":40},"4":{"name":"(anonymous_4)","decl":{"start":{"line":54,"column":22},"end":{"line":54,"column":23}},"loc":{"start":{"line":54,"column":36},"end":{"line":61,"column":1}},"line":54},"5":{"name":"(anonymous_5)","decl":{"start":{"line":63,"column":30},"end":{"line":63,"column":31}},"loc":{"start":{"line":63,"column":44},"end":{"line":70,"column":1}},"line":63},"6":{"name":"(anonymous_6)","decl":{"start":{"line":72,"column":28},"end":{"line":72,"column":29}},"loc":{"start":{"line":72,"column":42},"end":{"line":84,"column":1}},"line":72}},"branchMap":{"0":{"loc":{"start":{"line":14,"column":2},"end":{"line":17,"column":3}},"type":"if","locations":[{"start":{"line":14,"column":2},"end":{"line":17,"column":3}},{"start":{},"end":{}}],"line":14},"1":{"loc":{"start":{"line":19,"column":2},"end":{"line":24,"column":3}},"type":"if","locations":[{"start":{"line":19,"column":2},"end":{"line":24,"column":3}},{"start":{},"end":{}}],"line":19},"2":{"loc":{"start":{"line":19,"column":6},"end":{"line":19,"column":47}},"type":"binary-expr","locations":[{"start":{"line":19,"column":6},"end":{"line":19,"column":24}},{"start":{"line":19,"column":28},"end":{"line":19,"column":47}}],"line":19},"3":{"loc":{"start":{"line":20,"column":20},"end":{"line":20,"column":39}},"type":"binary-expr","locations":[{"start":{"line":20,"column":20},"end":{"line":20,"column":34}},{"start":{"line":20,"column":38},"end":{"line":20,"column":39}}],"line":20},"4":{"loc":{"start":{"line":21,"column":21},"end":{"line":21,"column":42}},"type":"binary-expr","locations":[{"start":{"line":21,"column":21},"end":{"line":21,"column":36}},{"start":{"line":21,"column":40},"end":{"line":21,"column":42}}],"line":21},"5":{"loc":{"start":{"line":32,"column":2},"end":{"line":34,"column":3}},"type":"if","locations":[{"start":{"line":32,"column":2},"end":{"line":34,"column":3}},{"start":{},"end":{}}],"line":32},"6":{"loc":{"start":{"line":42,"column":2},"end":{"line":44,"column":3}},"type":"if","locations":[{"start":{"line":42,"column":2},"end":{"line":44,"column":3}},{"start":{},"end":{}}],"line":42},"7":{"loc":{"start":{"line":47,"column":2},"end":{"line":49,"column":3}},"type":"if","locations":[{"start":{"line":47,"column":2},"end":{"line":49,"column":3}},{"start":{},"end":{}}],"line":47},"8":{"loc":{"start":{"line":56,"column":2},"end":{"line":58,"column":3}},"type":"if","locations":[{"start":{"line":56,"column":2},"end":{"line":58,"column":3}},{"start":{},"end":{}}],"line":56},"9":{"loc":{"start":{"line":65,"column":2},"end":{"line":67,"column":3}},"type":"if","locations":[{"start":{"line":65,"column":2},"end":{"line":67,"column":3}},{"start":{},"end":{}}],"line":65},"10":{"loc":{"start":{"line":74,"column":2},"end":{"line":76,"column":3}},"type":"if","locations":[{"start":{"line":74,"column":2},"end":{"line":76,"column":3}},{"start":{},"end":{}}],"line":74},"11":{"loc":{"start":{"line":79,"column":2},"end":{"line":81,"column":3}},"type":"if","locations":[{"start":{"line":79,"column":2},"end":{"line":81,"column":3}},{"start":{},"end":{}}],"line":79}},"s":{"0":1,"1":1,"2":1,"3":1,"4":1,"5":0,"6":0,"7":1,"8":5,"9":5,"10":2,"11":2,"12":3,"13":1,"14":1,"15":1,"16":1,"17":2,"18":2,"19":1,"20":2,"21":2,"22":1,"23":1,"24":1,"25":1,"26":0,"27":0,"28":0,"29":0,"30":0,"31":0,"32":0,"33":1,"34":0,"35":0,"36":0,"37":0,"38":1,"39":0,"40":0,"41":0,"42":0,"43":1,"44":3,"45":3,"46":1,"47":2,"48":2,"49":1,"50":1,"51":1},"f":{"0":0,"1":5,"2":2,"3":0,"4":0,"5":0,"6":3},"b":{"0":[2,3],"1":[1,2],"2":[3,2],"3":[1,0],"4":[1,0],"5":[1,1],"6":[0,0],"7":[0,0],"8":[0,0],"9":[0,0],"10":[1,2],"11":[1,1]},"_coverageSchema":"1a1c01bbd47fc00a2c39e90264f33305004495a9","hash":"cfc2231a5224fb4e724d2918ea1b622282b4a8c3"}
,"C:\\Users\\adith\\OneDrive\\Desktop\\take-home\\Take-Home-Assignment-The-Untested-API\\task-api\\src\\services\\taskService.js": {"path":"C:\\Users\\adith\\OneDrive\\Desktop\\take-home\\Take-Home-Assignment-The-Untested-API\\task-api\\src\\services\\taskService.js","statementMap":{"0":{"start":{"line":1,"column":12},"end":{"line":1,"column":14}},"1":{"start":{"line":3,"column":15},"end":{"line":3,"column":31}},"2":{"start":{"line":3,"column":21},"end":{"line":3,"column":31}},"3":{"start":{"line":5,"column":17},"end":{"line":5,"column":55}},"4":{"start":{"line":5,"column":25},"end":{"line":5,"column":55}},"5":{"start":{"line":5,"column":43},"end":{"line":5,"column":54}},"6":{"start":{"line":7,"column":20},"end":{"line":7,"column":78}},"7":{"start":{"line":7,"column":32},"end":{"line":7,"column":78}},"8":{"start":{"line":7,"column":52},"end":{"line":7,"column":77}},"9":{"start":{"line":9,"column":21},"end":{"line":12,"column":1}},"10":{"start":{"line":10,"column":17},"end":{"line":10,"column":35}},"11":{"start":{"line":11,"column":2},"end":{"line":11,"column":45}},"12":{"start":{"line":14,"column":17},"end":{"line":27,"column":1}},"13":{"start":{"line":15,"column":14},"end":{"line":15,"column":24}},"14":{"start":{"line":16,"column":17},"end":{"line":16,"column":53}},"15":{"start":{"line":17,"column":16},"end":{"line":17,"column":17}},"16":{"start":{"line":19,"column":2},"end":{"line":24,"column":5}},"17":{"start":{"line":20,"column":4},"end":{"line":20,"column":59}},"18":{"start":{"line":20,"column":40},"end":{"line":20,"column":59}},"19":{"start":{"line":21,"column":4},"end":{"line":23,"column":5}},"20":{"start":{"line":22,"column":6},"end":{"line":22,"column":16}},"21":{"start":{"line":26,"column":2},"end":{"line":26,"column":32}},"22":{"start":{"line":30,"column":15},"end":{"line":37,"column":3}},"23":{"start":{"line":38,"column":2},"end":{"line":38,"column":19}},"24":{"start":{"line":39,"column":2},"end":{"line":39,"column":14}},"25":{"start":{"line":42,"column":15},"end":{"line":49,"column":1}},"26":{"start":{"line":43,"column":16},"end":{"line":43,"column":51}},"27":{"start":{"line":43,"column":39},"end":{"line":43,"column":50}},"28":{"start":{"line":44,"column":2},"end":{"line":44,"column":32}},"29":{"start":{"line":44,"column":20},"end":{"line":44,"column":32}},"30":{"start":{"line":46,"column":18},"end":{"line":46,"column":48}},"31":{"start":{"line":47,"column":2},"end":{"line":47,"column":25}},"32":{"start":{"line":48,"column":2},"end":{"line":48,"column":17}},"33":{"start":{"line":51,"column":15},"end":{"line":57,"column":1}},"34":{"start":{"line":52,"column":16},"end":{"line":52,"column":51}},"35":{"start":{"line":52,"column":39},"end":{"line":52,"column":50}},"36":{"start":{"line":53,"column":2},"end":{"line":53,"column":33}},"37":{"start":{"line":53,"column":20},"end":{"line":53,"column":33}},"38":{"start":{"line":55,"column":2},"end":{"line":55,"column":25}},"39":{"start":{"line":56,"column":2},"end":{"line":56,"column":14}},"40":{"start":{"line":59,"column":21},"end":{"line":73,"column":1}},"41":{"start":{"line":60,"column":15},"end":{"line":60,"column":27}},"42":{"start":{"line":61,"column":2},"end":{"line":61,"column":25}},"43":{"start":{"line":61,"column":13},"end":{"line":61,"column":25}},"44":{"start":{"line":63,"column":18},"end":{"line":68,"column":3}},"45":{"start":{"line":70,"column":16},"end":{"line":70,"column":51}},"46":{"start":{"line":70,"column":39},"end":{"line":70,"column":50}},"47":{"start":{"line":71,"column":2},"end":{"line":71,"column":25}},"48":{"start":{"line":72,"column":2},"end":{"line":72,"column":17}},"49":{"start":{"line":75,"column":15},"end":{"line":85,"column":1}},"50":{"start":{"line":76,"column":15},"end":{"line":76,"column":27}},"51":{"start":{"line":77,"column":2},"end":{"line":77,"column":25}},"52":{"start":{"line":77,"column":13},"end":{"line":77,"column":25}},"53":{"start":{"line":79,"column":18},"end":{"line":79,"column":39}},"54":{"start":{"line":81,"column":16},"end":{"line":81,"column":51}},"55":{"start":{"line":81,"column":39},"end":{"line":81,"column":50}},"56":{"start":{"line":82,"column":2},"end":{"line":82,"column":25}},"57":{"start":{"line":84,"column":2},"end":{"line":84,"column":17}},"58":{"start":{"line":87,"column":15},"end":{"line":89,"column":1}},"59":{"start":{"line":88,"column":2},"end":{"line":88,"column":13}},"60":{"start":{"line":91,"column":0},"end":{"line":103,"column":2}}},"fnMap":{"0":{"name":"(anonymous_0)","decl":{"start":{"line":3,"column":15},"end":{"line":3,"column":16}},"loc":{"start":{"line":3,"column":21},"end":{"line":3,"column":31}},"line":3},"1":{"name":"(anonymous_1)","decl":{"start":{"line":5,"column":17},"end":{"line":5,"column":18}},"loc":{"start":{"line":5,"column":25},"end":{"line":5,"column":55}},"line":5},"2":{"name":"(anonymous_2)","decl":{"start":{"line":5,"column":36},"end":{"line":5,"column":37}},"loc":{"start":{"line":5,"column":43},"end":{"line":5,"column":54}},"line":5},"3":{"name":"(anonymous_3)","decl":{"start":{"line":7,"column":20},"end":{"line":7,"column":21}},"loc":{"start":{"line":7,"column":32},"end":{"line":7,"column":78}},"line":7},"4":{"name":"(anonymous_4)","decl":{"start":{"line":7,"column":45},"end":{"line":7,"column":46}},"loc":{"start":{"line":7,"column":52},"end":{"line":7,"column":77}},"line":7},"5":{"name":"(anonymous_5)","decl":{"start":{"line":9,"column":21},"end":{"line":9,"column":22}},"loc":{"start":{"line":9,"column":47},"end":{"line":12,"column":1}},"line":9},"6":{"name":"(anonymous_6)","decl":{"start":{"line":14,"column":17},"end":{"line":14,"column":18}},"loc":{"start":{"line":14,"column":23},"end":{"line":27,"column":1}},"line":14},"7":{"name":"(anonymous_7)","decl":{"start":{"line":19,"column":16},"end":{"line":19,"column":17}},"loc":{"start":{"line":19,"column":23},"end":{"line":24,"column":3}},"line":19},"8":{"name":"create","decl":{"start":{"line":29,"column":9},"end":{"line":29,"column":15}},"loc":{"start":{"line":29,"column":26},"end":{"line":40,"column":1}},"line":29},"9":{"name":"(anonymous_9)","decl":{"start":{"line":42,"column":15},"end":{"line":42,"column":16}},"loc":{"start":{"line":42,"column":31},"end":{"line":49,"column":1}},"line":42},"10":{"name":"(anonymous_10)","decl":{"start":{"line":43,"column":32},"end":{"line":43,"column":33}},"loc":{"start":{"line":43,"column":39},"end":{"line":43,"column":50}},"line":43},"11":{"name":"(anonymous_11)","decl":{"start":{"line":51,"column":15},"end":{"line":51,"column":16}},"loc":{"start":{"line":51,"column":23},"end":{"line":57,"column":1}},"line":51},"12":{"name":"(anonymous_12)","decl":{"start":{"line":52,"column":32},"end":{"line":52,"column":33}},"loc":{"start":{"line":52,"column":39},"end":{"line":52,"column":50}},"line":52},"13":{"name":"(anonymous_13)","decl":{"start":{"line":59,"column":21},"end":{"line":59,"column":22}},"loc":{"start":{"line":59,"column":29},"end":{"line":73,"column":1}},"line":59},"14":{"name":"(anonymous_14)","decl":{"start":{"line":70,"column":32},"end":{"line":70,"column":33}},"loc":{"start":{"line":70,"column":39},"end":{"line":70,"column":50}},"line":70},"15":{"name":"(anonymous_15)","decl":{"start":{"line":75,"column":15},"end":{"line":75,"column":16}},"loc":{"start":{"line":75,"column":33},"end":{"line":85,"column":1}},"line":75},"16":{"name":"(anonymous_16)","decl":{"start":{"line":81,"column":32},"end":{"line":81,"column":33}},"loc":{"start":{"line":81,"column":39},"end":{"line":81,"column":50}},"line":81},"17":{"name":"(anonymous_17)","decl":{"start":{"line":87,"column":15},"end":{"line":87,"column":16}},"loc":{"start":{"line":87,"column":21},"end":{"line":89,"column":1}},"line":87}},"branchMap":{"0":{"loc":{"start":{"line":9,"column":22},"end":{"line":9,"column":30}},"type":"default-arg","locations":[{"start":{"line":9,"column":29},"end":{"line":9,"column":30}}],"line":9},"1":{"loc":{"start":{"line":9,"column":32},"end":{"line":9,"column":42}},"type":"default-arg","locations":[{"start":{"line":9,"column":40},"end":{"line":9,"column":42}}],"line":9},"2":{"loc":{"start":{"line":20,"column":4},"end":{"line":20,"column":59}},"type":"if","locations":[{"start":{"line":20,"column":4},"end":{"line":20,"column":59}},{"start":{},"end":{}}],"line":20},"3":{"loc":{"start":{"line":21,"column":4},"end":{"line":23,"column":5}},"type":"if","locations":[{"start":{"line":21,"column":4},"end":{"line":23,"column":5}},{"start":{},"end":{}}],"line":21},"4":{"loc":{"start":{"line":21,"column":8},"end":{"line":21,"column":69}},"type":"binary-expr","locations":[{"start":{"line":21,"column":8},"end":{"line":21,"column":17}},{"start":{"line":21,"column":21},"end":{"line":21,"column":40}},{"start":{"line":21,"column":44},"end":{"line":21,"column":69}}],"line":21},"5":{"loc":{"start":{"line":33,"column":17},"end":{"line":33,"column":43}},"type":"binary-expr","locations":[{"start":{"line":33,"column":17},"end":{"line":33,"column":37}},{"start":{"line":33,"column":41},"end":{"line":33,"column":43}}],"line":33},"6":{"loc":{"start":{"line":34,"column":12},"end":{"line":34,"column":37}},"type":"binary-expr","locations":[{"start":{"line":34,"column":12},"end":{"line":34,"column":27}},{"start":{"line":34,"column":31},"end":{"line":34,"column":37}}],"line":34},"7":{"loc":{"start":{"line":35,"column":14},"end":{"line":35,"column":43}},"type":"binary-expr","locations":[{"start":{"line":35,"column":14},"end":{"line":35,"column":31}},{"start":{"line":35,"column":35},"end":{"line":35,"column":43}}],"line":35},"8":{"loc":{"start":{"line":44,"column":2},"end":{"line":44,"column":32}},"type":"if","locations":[{"start":{"line":44,"column":2},"end":{"line":44,"column":32}},{"start":{},"end":{}}],"line":44},"9":{"loc":{"start":{"line":53,"column":2},"end":{"line":53,"column":33}},"type":"if","locations":[{"start":{"line":53,"column":2},"end":{"line":53,"column":33}},{"start":{},"end":{}}],"line":53},"10":{"loc":{"start":{"line":61,"column":2},"end":{"line":61,"column":25}},"type":"if","locations":[{"start":{"line":61,"column":2},"end":{"line":61,"column":25}},{"start":{},"end":{}}],"line":61},"11":{"loc":{"start":{"line":77,"column":2},"end":{"line":77,"column":25}},"type":"if","locations":[{"start":{"line":77,"column":2},"end":{"line":77,"column":25}},{"start":{},"end":{}}],"line":77}},"s":{"0":1,"1":1,"2":2,"3":1,"4":2,"5":2,"6":1,"7":2,"8":6,"9":1,"10":1,"11":1,"12":1,"13":0,"14":0,"15":0,"16":0,"17":0,"18":0,"19":0,"20":0,"21":0,"22":31,"23":31,"24":31,"25":1,"26":0,"27":0,"28":0,"29":0,"30":0,"31":0,"32":0,"33":1,"34":0,"35":0,"36":0,"37":0,"38":0,"39":0,"40":1,"41":0,"42":0,"43":0,"44":0,"45":0,"46":0,"47":0,"48":0,"49":1,"50":2,"51":2,"52":1,"53":1,"54":1,"55":1,"56":1,"57":1,"58":1,"59":7,"60":1},"f":{"0":2,"1":2,"2":2,"3":2,"4":6,"5":1,"6":0,"7":0,"8":31,"9":0,"10":0,"11":0,"12":0,"13":0,"14":0,"15":2,"16":1,"17":7},"b":{"0":[0],"1":[0],"2":[0,0],"3":[0,0],"4":[0,0,0],"5":[31,30],"6":[31,25],"7":[31,30],"8":[0,0],"9":[0,0],"10":[0,0],"11":[1,1]},"_coverageSchema":"1a1c01bbd47fc00a2c39e90264f33305004495a9","hash":"c0f4e13747b33e5f0a287b7ce30b92bf240c023f"}
,"C:\\Users\\adith\\OneDrive\\Desktop\\take-home\\Take-Home-Assignment-The-Untested-API\\task-api\\src\\utils\\validators.js": {"path":"C:\\Users\\adith\\OneDrive\\Desktop\\take-home\\Take-Home-Assignment-The-Untested-API\\task-api\\src\\utils\\validators.js","statementMap":{"0":{"start":{"line":1,"column":23},"end":{"line":1,"column":54}},"1":{"start":{"line":2,"column":25},"end":{"line":2,"column":50}},"2":{"start":{"line":4,"column":27},"end":{"line":18,"column":1}},"3":{"start":{"line":5,"column":2},"end":{"line":7,"column":3}},"4":{"start":{"line":6,"column":4},"end":{"line":6,"column":62}},"5":{"start":{"line":8,"column":2},"end":{"line":10,"column":3}},"6":{"start":{"line":9,"column":4},"end":{"line":9,"column":65}},"7":{"start":{"line":11,"column":2},"end":{"line":13,"column":3}},"8":{"start":{"line":12,"column":4},"end":{"line":12,"column":69}},"9":{"start":{"line":14,"column":2},"end":{"line":16,"column":3}},"10":{"start":{"line":15,"column":4},"end":{"line":15,"column":53}},"11":{"start":{"line":17,"column":2},"end":{"line":17,"column":14}},"12":{"start":{"line":20,"column":27},"end":{"line":34,"column":1}},"13":{"start":{"line":21,"column":2},"end":{"line":23,"column":3}},"14":{"start":{"line":22,"column":4},"end":{"line":22,"column":46}},"15":{"start":{"line":24,"column":2},"end":{"line":26,"column":3}},"16":{"start":{"line":25,"column":4},"end":{"line":25,"column":65}},"17":{"start":{"line":27,"column":2},"end":{"line":29,"column":3}},"18":{"start":{"line":28,"column":4},"end":{"line":28,"column":69}},"19":{"start":{"line":30,"column":2},"end":{"line":32,"column":3}},"20":{"start":{"line":31,"column":4},"end":{"line":31,"column":53}},"21":{"start":{"line":33,"column":2},"end":{"line":33,"column":14}},"22":{"start":{"line":36,"column":0},"end":{"line":36,"column":60}},"23":{"start":{"line":37,"column":25},"end":{"line":42,"column":1}},"24":{"start":{"line":38,"column":2},"end":{"line":40,"column":3}},"25":{"start":{"line":39,"column":4},"end":{"line":39,"column":65}},"26":{"start":{"line":41,"column":2},"end":{"line":41,"column":14}},"27":{"start":{"line":45,"column":0},"end":{"line":45,"column":78}}},"fnMap":{"0":{"name":"(anonymous_0)","decl":{"start":{"line":4,"column":27},"end":{"line":4,"column":28}},"loc":{"start":{"line":4,"column":37},"end":{"line":18,"column":1}},"line":4},"1":{"name":"(anonymous_1)","decl":{"start":{"line":20,"column":27},"end":{"line":20,"column":28}},"loc":{"start":{"line":20,"column":37},"end":{"line":34,"column":1}},"line":20},"2":{"name":"(anonymous_2)","decl":{"start":{"line":37,"column":25},"end":{"line":37,"column":26}},"loc":{"start":{"line":37,"column":35},"end":{"line":42,"column":1}},"line":37}},"branchMap":{"0":{"loc":{"start":{"line":5,"column":2},"end":{"line":7,"column":3}},"type":"if","locations":[{"start":{"line":5,"column":2},"end":{"line":7,"column":3}},{"start":{},"end":{}}],"line":5},"1":{"loc":{"start":{"line":5,"column":6},"end":{"line":5,"column":79}},"type":"binary-expr","locations":[{"start":{"line":5,"column":6},"end":{"line":5,"column":17}},{"start":{"line":5,"column":21},"end":{"line":5,"column":51}},{"start":{"line":5,"column":55},"end":{"line":5,"column":79}}],"line":5},"2":{"loc":{"start":{"line":8,"column":2},"end":{"line":10,"column":3}},"type":"if","locations":[{"start":{"line":8,"column":2},"end":{"line":10,"column":3}},{"start":{},"end":{}}],"line":8},"3":{"loc":{"start":{"line":8,"column":6},"end":{"line":8,"column":58}},"type":"binary-expr","locations":[{"start":{"line":8,"column":6},"end":{"line":8,"column":17}},{"start":{"line":8,"column":21},"end":{"line":8,"column":58}}],"line":8},"4":{"loc":{"start":{"line":11,"column":2},"end":{"line":13,"column":3}},"type":"if","locations":[{"start":{"line":11,"column":2},"end":{"line":13,"column":3}},{"start":{},"end":{}}],"line":11},"5":{"loc":{"start":{"line":11,"column":6},"end":{"line":11,"column":64}},"type":"binary-expr","locations":[{"start":{"line":11,"column":6},"end":{"line":11,"column":19}},{"start":{"line":11,"column":23},"end":{"line":11,"column":64}}],"line":11},"6":{"loc":{"start":{"line":14,"column":2},"end":{"line":16,"column":3}},"type":"if","locations":[{"start":{"line":14,"column":2},"end":{"line":16,"column":3}},{"start":{},"end":{}}],"line":14},"7":{"loc":{"start":{"line":14,"column":6},"end":{"line":14,"column":53}},"type":"binary-expr","locations":[{"start":{"line":14,"column":6},"end":{"line":14,"column":18}},{"start":{"line":14,"column":22},"end":{"line":14,"column":53}}],"line":14},"8":{"loc":{"start":{"line":21,"column":2},"end":{"line":23,"column":3}},"type":"if","locations":[{"start":{"line":21,"column":2},"end":{"line":23,"column":3}},{"start":{},"end":{}}],"line":21},"9":{"loc":{"start":{"line":21,"column":6},"end":{"line":21,"column":94}},"type":"binary-expr","locations":[{"start":{"line":21,"column":6},"end":{"line":21,"column":30}},{"start":{"line":21,"column":35},"end":{"line":21,"column":65}},{"start":{"line":21,"column":69},"end":{"line":21,"column":93}}],"line":21},"10":{"loc":{"start":{"line":24,"column":2},"end":{"line":26,"column":3}},"type":"if","locations":[{"start":{"line":24,"column":2},"end":{"line":26,"column":3}},{"start":{},"end":{}}],"line":24},"11":{"loc":{"start":{"line":24,"column":6},"end":{"line":24,"column":58}},"type":"binary-expr","locations":[{"start":{"line":24,"column":6},"end":{"line":24,"column":17}},{"start":{"line":24,"column":21},"end":{"line":24,"column":58}}],"line":24},"12":{"loc":{"start":{"line":27,"column":2},"end":{"line":29,"column":3}},"type":"if","locations":[{"start":{"line":27,"column":2},"end":{"line":29,"column":3}},{"start":{},"end":{}}],"line":27},"13":{"loc":{"start":{"line":27,"column":6},"end":{"line":27,"column":64}},"type":"binary-expr","locations":[{"start":{"line":27,"column":6},"end":{"line":27,"column":19}},{"start":{"line":27,"column":23},"end":{"line":27,"column":64}}],"line":27},"14":{"loc":{"start":{"line":30,"column":2},"end":{"line":32,"column":3}},"type":"if","locations":[{"start":{"line":30,"column":2},"end":{"line":32,"column":3}},{"start":{},"end":{}}],"line":30},"15":{"loc":{"start":{"line":30,"column":6},"end":{"line":30,"column":53}},"type":"binary-expr","locations":[{"start":{"line":30,"column":6},"end":{"line":30,"column":18}},{"start":{"line":30,"column":22},"end":{"line":30,"column":53}}],"line":30},"16":{"loc":{"start":{"line":38,"column":2},"end":{"line":40,"column":3}},"type":"if","locations":[{"start":{"line":38,"column":2},"end":{"line":40,"column":3}},{"start":{},"end":{}}],"line":38},"17":{"loc":{"start":{"line":38,"column":6},"end":{"line":38,"column":88}},"type":"binary-expr","locations":[{"start":{"line":38,"column":6},"end":{"line":38,"column":20}},{"start":{"line":38,"column":24},"end":{"line":38,"column":57}},{"start":{"line":38,"column":61},"end":{"line":38,"column":88}}],"line":38}},"s":{"0":1,"1":1,"2":1,"3":2,"4":1,"5":1,"6":0,"7":1,"8":0,"9":1,"10":0,"11":1,"12":1,"13":0,"14":0,"15":0,"16":0,"17":0,"18":0,"19":0,"20":0,"21":0,"22":1,"23":1,"24":3,"25":1,"26":2,"27":1},"f":{"0":2,"1":0,"2":3},"b":{"0":[1,1],"1":[2,1,1],"2":[0,1],"3":[1,0],"4":[0,1],"5":[1,1],"6":[0,1],"7":[1,0],"8":[0,0],"9":[0,0,0],"10":[0,0],"11":[0,0],"12":[0,0],"13":[0,0],"14":[0,0],"15":[0,0],"16":[1,2],"17":[3,3,3]},"_coverageSchema":"1a1c01bbd47fc00a2c39e90264f33305004495a9","hash":"d09fb92a4f7b133a1271f8896526ef6f5e81a0fe"}
}
